<?xml version="1.0" encoding="UTF-8"?>
<testng-results ignored="0" total="1" passed="1" failed="0" skipped="0">
  <reporter-output>
  </reporter-output>
  <suite started-at="2020-07-26T12:22:44Z" name="Default suite" finished-at="2020-07-26T12:22:53Z" duration-ms="8879">
    <groups>
    </groups>
    <test started-at="2020-07-26T12:22:44Z" name="Default test" finished-at="2020-07-26T12:22:53Z" duration-ms="8879">
      <class name="testcases.launchTest">
        <test-method is-config="true" signature="setup()[pri:0, instance:testcases.launchTest@60099951]" started-at="2020-07-26T12:22:44Z" name="setup" finished-at="2020-07-26T12:22:53Z" duration-ms="8070" status="PASS">
          <reporter-output>
          </reporter-output>
        </test-method> <!-- setup -->
        <test-method signature="verifyPageTitle()[pri:0, instance:testcases.launchTest@60099951]" started-at="2020-07-26T12:22:53Z" name="verifyPageTitle" finished-at="2020-07-26T12:22:53Z" duration-ms="23" status="PASS">
          <reporter-output>
          </reporter-output>
        </test-method> <!-- verifyPageTitle -->
        <test-method is-config="true" signature="tearDown()[pri:0, instance:testcases.launchTest@60099951]" started-at="2020-07-26T12:22:53Z" name="tearDown" finished-at="2020-07-26T12:22:53Z" duration-ms="752" status="PASS">
          <reporter-output>
          </reporter-output>
        </test-method> <!-- tearDown -->
      </class> <!-- testcases.launchTest -->
    </test> <!-- Default test -->
  </suite> <!-- Default suite -->
</testng-results>
